0 info it worked if it ends with ok
1 verbose cli [ 'node', '/usr/local/bin/npm', 'install' ]
2 info using npm@1.4.28
3 info using node@v0.10.32
4 verbose readDependencies using package.json deps
5 verbose install where, deps [ '/Users/drlightx3/Desktop/personal/theeTable',
5 verbose install   [ 'bcrypt',
5 verbose install     'body-parser',
5 verbose install     'bower',
5 verbose install     'cookie-parser',
5 verbose install     'debug',
5 verbose install     'ejs',
5 verbose install     'express',
5 verbose install     'gulp-concat',
5 verbose install     'gulp-uglify',
5 verbose install     'gulp-uglifycss',
5 verbose install     'jsonwebtoken',
5 verbose install     'mongodb',
5 verbose install     'mongoose',
5 verbose install     'morgan',
5 verbose install     'serve-favicon',
5 verbose install     'socket.io',
5 verbose install     'gulp',
5 verbose install     'gulp-jshint',
5 verbose install     'gulp-mocha',
5 verbose install     'gulp-nodemon',
5 verbose install     'jasmine-core',
5 verbose install     'karma',
5 verbose install     'karma-chrome-launcher',
5 verbose install     'karma-jasmine',
5 verbose install     'karma-mocha',
5 verbose install     'mocha',
5 verbose install     'should',
5 verbose install     'socket.io-client',
5 verbose install     'supertest' ] ]
6 info preinstall theeTable@0.0.1
7 warn package.json karma-chrome-launcher@0.1.7 No README data
8 warn package.json karma-mocha@0.1.10 No README data
9 verbose readDependencies using package.json deps
10 verbose already installed skipping ejs@^1.0.0 /Users/drlightx3/Desktop/personal/theeTable
11 verbose already installed skipping express@~4.9.0 /Users/drlightx3/Desktop/personal/theeTable
12 verbose already installed skipping gulp-concat@^2.5.1 /Users/drlightx3/Desktop/personal/theeTable
13 verbose already installed skipping gulp-uglify@^1.1.0 /Users/drlightx3/Desktop/personal/theeTable
14 verbose already installed skipping gulp-uglifycss@^1.0.4 /Users/drlightx3/Desktop/personal/theeTable
15 verbose already installed skipping jsonwebtoken@^1.2.0 /Users/drlightx3/Desktop/personal/theeTable
16 verbose cache add [ 'mongodb@^3.0.0', null ]
17 verbose cache add name=undefined spec="mongodb@^3.0.0" args=["mongodb@^3.0.0",null]
18 verbose parsed url { protocol: null,
18 verbose parsed url   slashes: null,
18 verbose parsed url   auth: null,
18 verbose parsed url   host: null,
18 verbose parsed url   port: null,
18 verbose parsed url   hostname: null,
18 verbose parsed url   hash: null,
18 verbose parsed url   search: null,
18 verbose parsed url   query: null,
18 verbose parsed url   pathname: 'mongodb@^3.0.0',
18 verbose parsed url   path: 'mongodb@^3.0.0',
18 verbose parsed url   href: 'mongodb@^3.0.0' }
19 verbose cache add [ 'mongoose@3.8.0', null ]
20 verbose cache add name=undefined spec="mongoose@3.8.0" args=["mongoose@3.8.0",null]
21 verbose parsed url { protocol: null,
21 verbose parsed url   slashes: null,
21 verbose parsed url   auth: null,
21 verbose parsed url   host: null,
21 verbose parsed url   port: null,
21 verbose parsed url   hostname: null,
21 verbose parsed url   hash: null,
21 verbose parsed url   search: null,
21 verbose parsed url   query: null,
21 verbose parsed url   pathname: 'mongoose@3.8.0',
21 verbose parsed url   path: 'mongoose@3.8.0',
21 verbose parsed url   href: 'mongoose@3.8.0' }
22 verbose cache add name="mongodb" spec="^3.0.0" args=["mongodb","^3.0.0"]
23 verbose parsed url { protocol: null,
23 verbose parsed url   slashes: null,
23 verbose parsed url   auth: null,
23 verbose parsed url   host: null,
23 verbose parsed url   port: null,
23 verbose parsed url   hostname: null,
23 verbose parsed url   hash: null,
23 verbose parsed url   search: null,
23 verbose parsed url   query: null,
23 verbose parsed url   pathname: '^3.0.0',
23 verbose parsed url   path: '^3.0.0',
23 verbose parsed url   href: '^3.0.0' }
24 verbose addNamed [ 'mongodb', '^3.0.0' ]
25 verbose addNamed [ null, '>=3.0.0-0 <4.0.0-0' ]
26 verbose already installed skipping morgan@~1.3.0 /Users/drlightx3/Desktop/personal/theeTable
27 verbose cache add name="mongoose" spec="3.8.0" args=["mongoose","3.8.0"]
28 verbose parsed url { protocol: null,
28 verbose parsed url   slashes: null,
28 verbose parsed url   auth: null,
28 verbose parsed url   host: null,
28 verbose parsed url   port: null,
28 verbose parsed url   hostname: null,
28 verbose parsed url   hash: null,
28 verbose parsed url   search: null,
28 verbose parsed url   query: null,
28 verbose parsed url   pathname: '3.8.0',
28 verbose parsed url   path: '3.8.0',
28 verbose parsed url   href: '3.8.0' }
29 verbose addNamed [ 'mongoose', '3.8.0' ]
30 verbose addNamed [ '3.8.0', '3.8.0' ]
31 silly lockFile 5b56ae92-mongodb-3-0-0 mongodb@^3.0.0
32 verbose lock mongodb@^3.0.0 /Users/drlightx3/.npm/5b56ae92-mongodb-3-0-0.lock
33 silly lockFile 51b2ec73-mongoose-3-8-0 mongoose@3.8.0
34 verbose lock mongoose@3.8.0 /Users/drlightx3/.npm/51b2ec73-mongoose-3-8-0.lock
35 verbose already installed skipping serve-favicon@~2.1.3 /Users/drlightx3/Desktop/personal/theeTable
36 verbose already installed skipping socket.io@^1.2.1 /Users/drlightx3/Desktop/personal/theeTable
37 silly addNameRange { name: 'mongodb', range: '>=3.0.0-0 <4.0.0-0', hasData: false }
38 verbose already installed skipping gulp@^3.8.10 /Users/drlightx3/Desktop/personal/theeTable
39 verbose already installed skipping gulp-jshint@^1.9.0 /Users/drlightx3/Desktop/personal/theeTable
40 verbose request where is /mongoose
41 verbose request registry https://registry.npmjs.org/
42 verbose request id 7224596642b7992b
43 verbose url raw /mongoose
44 verbose url resolving [ 'https://registry.npmjs.org/', './mongoose' ]
45 verbose url resolved https://registry.npmjs.org/mongoose
46 verbose request where is https://registry.npmjs.org/mongoose
47 info trying registry request attempt 1 at 14:42:05
48 verbose etag "EUBKQMSU117QJXK8J2HO90XRZ"
49 http GET https://registry.npmjs.org/mongoose
50 verbose request where is /mongodb
51 verbose request registry https://registry.npmjs.org/
52 verbose url raw /mongodb
53 verbose url resolving [ 'https://registry.npmjs.org/', './mongodb' ]
54 verbose url resolved https://registry.npmjs.org/mongodb
55 verbose request where is https://registry.npmjs.org/mongodb
56 info trying registry request attempt 1 at 14:42:06
57 verbose etag "BU8CU3QDB2BHYQO3G4P4ZGBII"
58 http GET https://registry.npmjs.org/mongodb
59 verbose already installed skipping gulp-mocha@^2.0.0 /Users/drlightx3/Desktop/personal/theeTable
60 verbose already installed skipping gulp-nodemon@^1.0.4 /Users/drlightx3/Desktop/personal/theeTable
61 verbose already installed skipping jasmine-core@^2.1.3 /Users/drlightx3/Desktop/personal/theeTable
62 verbose already installed skipping karma@^0.12.28 /Users/drlightx3/Desktop/personal/theeTable
63 verbose already installed skipping karma-chrome-launcher@^0.1.7 /Users/drlightx3/Desktop/personal/theeTable
64 verbose already installed skipping karma-jasmine@^0.3.2 /Users/drlightx3/Desktop/personal/theeTable
65 verbose already installed skipping karma-mocha@^0.1.10 /Users/drlightx3/Desktop/personal/theeTable
66 verbose already installed skipping mocha@^2.0.1 /Users/drlightx3/Desktop/personal/theeTable
67 verbose already installed skipping should@^4.3.0 /Users/drlightx3/Desktop/personal/theeTable
68 verbose already installed skipping socket.io-client@^1.2.1 /Users/drlightx3/Desktop/personal/theeTable
69 verbose already installed skipping supertest@^0.15.0 /Users/drlightx3/Desktop/personal/theeTable
70 verbose already installed skipping bcrypt@^0.8.0 /Users/drlightx3/Desktop/personal/theeTable
71 verbose already installed skipping body-parser@^1.8.4 /Users/drlightx3/Desktop/personal/theeTable
72 verbose already installed skipping bower@^1.3.12 /Users/drlightx3/Desktop/personal/theeTable
73 verbose already installed skipping cookie-parser@~1.3.3 /Users/drlightx3/Desktop/personal/theeTable
74 verbose already installed skipping debug@~2.0.0 /Users/drlightx3/Desktop/personal/theeTable
75 http 304 https://registry.npmjs.org/mongoose
76 silly registry.get cb [ 304,
76 silly registry.get   { date: 'Sat, 19 Dec 2015 22:42:06 GMT',
76 silly registry.get     via: '1.1 varnish',
76 silly registry.get     'cache-control': 'max-age=300',
76 silly registry.get     etag: '"EUBKQMSU117QJXK8J2HO90XRZ"',
76 silly registry.get     age: '86',
76 silly registry.get     connection: 'keep-alive',
76 silly registry.get     'x-served-by': 'cache-atl6231-ATL',
76 silly registry.get     'x-cache': 'HIT',
76 silly registry.get     'x-cache-hits': '3',
76 silly registry.get     'x-timer': 'S1450564926.552497,VS0,VE0',
76 silly registry.get     vary: 'Accept' } ]
77 verbose etag https://registry.npmjs.org/mongoose from cache
78 http 304 https://registry.npmjs.org/mongodb
79 silly registry.get cb [ 304,
79 silly registry.get   { date: 'Sat, 19 Dec 2015 22:42:06 GMT',
79 silly registry.get     via: '1.1 varnish',
79 silly registry.get     'cache-control': 'max-age=300',
79 silly registry.get     etag: '"BU8CU3QDB2BHYQO3G4P4ZGBII"',
79 silly registry.get     age: '77',
79 silly registry.get     connection: 'keep-alive',
79 silly registry.get     'x-served-by': 'cache-atl6223-ATL',
79 silly registry.get     'x-cache': 'HIT',
79 silly registry.get     'x-cache-hits': '2',
79 silly registry.get     'x-timer': 'S1450564926.552352,VS0,VE0',
79 silly registry.get     vary: 'Accept' } ]
80 verbose etag https://registry.npmjs.org/mongodb from cache
81 silly addNameRange number 2 { name: 'mongodb', range: '>=3.0.0-0 <4.0.0-0', hasData: true }
82 silly addNameRange versions [ 'mongodb',
82 silly addNameRange   [ '0.9.4',
82 silly addNameRange     '0.9.4-4',
82 silly addNameRange     '0.9.3',
82 silly addNameRange     '0.9.1',
82 silly addNameRange     '0.9.2',
82 silly addNameRange     '0.9.6-7',
82 silly addNameRange     '0.9.6-8',
82 silly addNameRange     '0.9.6-9',
82 silly addNameRange     '0.9.6-10',
82 silly addNameRange     '0.9.6-11',
82 silly addNameRange     '0.9.6-12',
82 silly addNameRange     '0.9.6-13',
82 silly addNameRange     '0.9.6-14',
82 silly addNameRange     '0.9.6-15',
82 silly addNameRange     '0.9.6-16',
82 silly addNameRange     '0.9.6-17',
82 silly addNameRange     '0.9.6-18',
82 silly addNameRange     '0.9.6-19',
82 silly addNameRange     '0.9.6-20',
82 silly addNameRange     '0.9.6-21',
82 silly addNameRange     '0.9.6-22',
82 silly addNameRange     '0.9.6-23',
82 silly addNameRange     '0.9.7',
82 silly addNameRange     '0.9.7-0',
82 silly addNameRange     '0.9.7-1',
82 silly addNameRange     '0.9.7-1.1',
82 silly addNameRange     '0.9.7-1.2',
82 silly addNameRange     '0.9.7-1.3',
82 silly addNameRange     '0.9.7-1.4',
82 silly addNameRange     '0.9.7-2',
82 silly addNameRange     '0.9.7-2-1',
82 silly addNameRange     '0.9.7-2-2',
82 silly addNameRange     '0.9.7-2-3',
82 silly addNameRange     '0.9.7-2-4',
82 silly addNameRange     '0.9.7-2-5',
82 silly addNameRange     '0.9.7-3',
82 silly addNameRange     '0.9.7-3-1',
82 silly addNameRange     '0.9.7-3-2',
82 silly addNameRange     '0.9.7-3-3',
82 silly addNameRange     '0.9.7-3-4',
82 silly addNameRange     '0.9.7-3-5',
82 silly addNameRange     '0.9.8',
82 silly addNameRange     '0.9.8-1',
82 silly addNameRange     '0.9.8-2',
82 silly addNameRange     '0.9.8-3',
82 silly addNameRange     '0.9.8-4',
82 silly addNameRange     '0.9.8-5',
82 silly addNameRange     '0.9.8-6',
82 silly addNameRange     '0.9.8-7',
82 silly addNameRange     '0.9.9',
82 silly addNameRange     '0.9.9-1',
82 silly addNameRange     '0.9.9-2',
82 silly addNameRange     '0.9.9-3',
82 silly addNameRange     '0.9.9-4',
82 silly addNameRange     '0.9.9-5',
82 silly addNameRange     '0.9.9-6',
82 silly addNameRange     '0.9.9-7',
82 silly addNameRange     '0.9.9-8',
82 silly addNameRange     '1.0.0',
82 silly addNameRange     '1.0.1',
82 silly addNameRange     '1.0.2',
82 silly addNameRange     '1.1.0-beta',
82 silly addNameRange     '1.1.0',
82 silly addNameRange     '1.1.1',
82 silly addNameRange     '1.1.2',
82 silly addNameRange     '1.1.3',
82 silly addNameRange     '1.1.4',
82 silly addNameRange     '1.1.5',
82 silly addNameRange     '1.1.6',
82 silly addNameRange     '1.1.7',
82 silly addNameRange     '1.1.8',
82 silly addNameRange     '1.1.9',
82 silly addNameRange     '1.1.10',
82 silly addNameRange     '1.1.11',
82 silly addNameRange     '1.2.0',
82 silly addNameRange     '1.2.1',
82 silly addNameRange     '1.2.2',
82 silly addNameRange     '1.2.3',
82 silly addNameRange     '1.2.4',
82 silly addNameRange     '1.2.5',
82 silly addNameRange     '1.2.6',
82 silly addNameRange     '1.2.7',
82 silly addNameRange     '1.2.8',
82 silly addNameRange     '1.2.9',
82 silly addNameRange     '1.2.10',
82 silly addNameRange     '1.2.11',
82 silly addNameRange     '1.2.12',
82 silly addNameRange     '1.2.13',
82 silly addNameRange     '1.2.14',
82 silly addNameRange     '1.3.0',
82 silly addNameRange     '1.3.1',
82 silly addNameRange     '1.3.2',
82 silly addNameRange     '1.3.3',
82 silly addNameRange     '1.3.4',
82 silly addNameRange     '1.3.5',
82 silly addNameRange     '1.3.6',
82 silly addNameRange     '1.3.7',
82 silly addNameRange     '1.3.8',
82 silly addNameRange     '1.3.9',
82 silly addNameRange     '1.3.10',
82 silly addNameRange     '1.3.11',
82 silly addNameRange     '1.3.12',
82 silly addNameRange     '1.3.14',
82 silly addNameRange     '1.3.15',
82 silly addNameRange     '1.3.17',
82 silly addNameRange     '1.3.18',
82 silly addNameRange     '1.3.19',
82 silly addNameRange     '1.4.0-rc2',
82 silly addNameRange     '1.3.20',
82 silly addNameRange     '1.4.0-rc3',
82 silly addNameRange     '1.3.21',
82 silly addNameRange     '1.3.22',
82 silly addNameRange     '1.3.23',
82 silly addNameRange     '1.4.0-rc4',
82 silly addNameRange     '1.4.0-rc5',
82 silly addNameRange     '1.4.0-rc6',
82 silly addNameRange     '1.4.0-rc7',
82 silly addNameRange     '1.4.0-rc8',
82 silly addNameRange     '1.4.0-rc9',
82 silly addNameRange     '1.4.0-rc10',
82 silly addNameRange     '1.4.0',
82 silly addNameRange     '1.4.1',
82 silly addNameRange     '1.4.2',
82 silly addNameRange     '1.4.3',
82 silly addNameRange     '1.4.4',
82 silly addNameRange     '1.4.5',
82 silly addNameRange     '1.4.6',
82 silly addNameRange     '1.4.7',
82 silly addNameRange     '1.4.8',
82 silly addNameRange     '1.4.9',
82 silly addNameRange     '1.4.10',
82 silly addNameRange     '2.0.0-alpha1',
82 silly addNameRange     '1.4.11',
82 silly addNameRange     '1.4.12',
82 silly addNameRange     '1.4.14',
82 silly addNameRange     '1.4.15',
82 silly addNameRange     '1.4.16',
82 silly addNameRange     '1.4.17',
82 silly addNameRange     '2.0.0-alpha2',
82 silly addNameRange     '1.4.18',
82 silly addNameRange     '2.0.0',
82 silly addNameRange     '2.0.1',
82 silly addNameRange     '2.0.2',
82 silly addNameRange     '1.4.19',
82 silly addNameRange     '2.0.3',
82 silly addNameRange     '2.0.4',
82 silly addNameRange     '2.0.5',
82 silly addNameRange     '2.0.6',
82 silly addNameRange     '1.4.20',
82 silly addNameRange     '1.4.22',
82 silly addNameRange     '2.0.7',
82 silly addNameRange     '2.0.8',
82 silly addNameRange     '2.0.9',
82 silly addNameRange     '1.4.23',
82 silly addNameRange     '2.0.10',
82 silly addNameRange     '1.4.24',
82 silly addNameRange     '2.0.11',
82 silly addNameRange     '1.4.25',
82 silly addNameRange     '2.0.12',
82 silly addNameRange     '1.4.26',
82 silly addNameRange     '1.4.27',
82 silly addNameRange     '1.4.28',
82 silly addNameRange     '2.0.13',
82 silly addNameRange     '2.0.14',
82 silly addNameRange     '1.4.29',
82 silly addNameRange     '2.0.15',
82 silly addNameRange     '1.4.30',
82 silly addNameRange     '2.0.16',
82 silly addNameRange     '1.4.31',
82 silly addNameRange     '2.0.17',
82 silly addNameRange     '1.4.32',
82 silly addNameRange     '2.0.18',
82 silly addNameRange     '2.0.19',
82 silly addNameRange     '1.4.33',
82 silly addNameRange     '2.0.20',
82 silly addNameRange     '2.0.21',
82 silly addNameRange     '1.4.34',
82 silly addNameRange     '2.0.22',
82 silly addNameRange     '2.0.23',
82 silly addNameRange     '1.4.35',
82 silly addNameRange     '2.0.24',
82 silly addNameRange     '2.0.25',
82 silly addNameRange     '2.0.26',
82 silly addNameRange     '2.0.27',
82 silly addNameRange     '2.0.28',
82 silly addNameRange     '2.0.29',
82 silly addNameRange     '1.4.36',
82 silly addNameRange     '2.0.30',
82 silly addNameRange     '1.4.37',
82 silly addNameRange     '2.0.31',
82 silly addNameRange     '1.4.38',
82 silly addNameRange     '2.0.32',
82 silly addNameRange     '2.0.33',
82 silly addNameRange     '2.1.0-alpha',
82 silly addNameRange     '2.0.34',
82 silly addNameRange     '2.0.35',
82 silly addNameRange     '2.0.36',
82 silly addNameRange     '2.0.37',
82 silly addNameRange     '2.0.38',
82 silly addNameRange     '2.0.39',
82 silly addNameRange     '1.4.39',
82 silly addNameRange     '2.0.40',
82 silly addNameRange     '2.0.41',
82 silly addNameRange     '2.0.42',
82 silly addNameRange     '2.0.43',
82 silly addNameRange     '2.0.44',
82 silly addNameRange     '2.0.45',
82 silly addNameRange     '2.0.46',
82 silly addNameRange     '2.0.47',
82 silly addNameRange     '2.0.48',
82 silly addNameRange     '2.1.0-rc1',
82 silly addNameRange     '2.0.49',
82 silly addNameRange     '2.0.50',
82 silly addNameRange     '2.1.0',
82 silly addNameRange     '2.0.51',
82 silly addNameRange     '2.1.1',
82 silly addNameRange     '2.0.52' ] ]
83 silly lockFile 5b56ae92-mongodb-3-0-0 mongodb@^3.0.0
84 silly lockFile 5b56ae92-mongodb-3-0-0 mongodb@^3.0.0
85 silly lockFile 51b2ec73-mongoose-3-8-0 mongoose@3.8.0
86 silly lockFile 51b2ec73-mongoose-3-8-0 mongoose@3.8.0
87 error notarget No compatible version found: mongodb@'>=3.0.0-0 <4.0.0-0'
87 error notarget Valid install targets:
87 error notarget ["0.9.4","0.9.4-4","0.9.3","0.9.1","0.9.2","0.9.6-7","0.9.6-8","0.9.6-9","0.9.6-10","0.9.6-11","0.9.6-12","0.9.6-13","0.9.6-14","0.9.6-15","0.9.6-16","0.9.6-17","0.9.6-18","0.9.6-19","0.9.6-20","0.9.6-21","0.9.6-22","0.9.6-23","0.9.7","0.9.7-0","0.9.7-1","0.9.7-1.1","0.9.7-1.2","0.9.7-1.3","0.9.7-1.4","0.9.7-2","0.9.7-2-1","0.9.7-2-2","0.9.7-2-3","0.9.7-2-4","0.9.7-2-5","0.9.7-3","0.9.7-3-1","0.9.7-3-2","0.9.7-3-3","0.9.7-3-4","0.9.7-3-5","0.9.8","0.9.8-1","0.9.8-2","0.9.8-3","0.9.8-4","0.9.8-5","0.9.8-6","0.9.8-7","0.9.9","0.9.9-1","0.9.9-2","0.9.9-3","0.9.9-4","0.9.9-5","0.9.9-6","0.9.9-7","0.9.9-8","1.0.0","1.0.1","1.0.2","1.1.0-beta","1.1.0","1.1.1","1.1.2","1.1.3","1.1.4","1.1.5","1.1.6","1.1.7","1.1.8","1.1.9","1.1.10","1.1.11","1.2.0","1.2.1","1.2.2","1.2.3","1.2.4","1.2.5","1.2.6","1.2.7","1.2.8","1.2.9","1.2.10","1.2.11","1.2.12","1.2.13","1.2.14","1.3.0","1.3.1","1.3.2","1.3.3","1.3.4","1.3.5","1.3.6","1.3.7","1.3.8","1.3.9","1.3.10","1.3.11","1.3.12","1.3.14","1.3.15","1.3.17","1.3.18","1.3.19","1.4.0-rc2","1.3.20","1.4.0-rc3","1.3.21","1.3.22","1.3.23","1.4.0-rc4","1.4.0-rc5","1.4.0-rc6","1.4.0-rc7","1.4.0-rc8","1.4.0-rc9","1.4.0-rc10","1.4.0","1.4.1","1.4.2","1.4.3","1.4.4","1.4.5","1.4.6","1.4.7","1.4.8","1.4.9","1.4.10","2.0.0-alpha1","1.4.11","1.4.12","1.4.14","1.4.15","1.4.16","1.4.17","2.0.0-alpha2","1.4.18","2.0.0","2.0.1","2.0.2","1.4.19","2.0.3","2.0.4","2.0.5","2.0.6","1.4.20","1.4.22","2.0.7","2.0.8","2.0.9","1.4.23","2.0.10","1.4.24","2.0.11","1.4.25","2.0.12","1.4.26","1.4.27","1.4.28","2.0.13","2.0.14","1.4.29","2.0.15","1.4.30","2.0.16","1.4.31","2.0.17","1.4.32","2.0.18","2.0.19","1.4.33","2.0.20","2.0.21","1.4.34","2.0.22","2.0.23","1.4.35","2.0.24","2.0.25","2.0.26","2.0.27","2.0.28","2.0.29","1.4.36","2.0.30","1.4.37","2.0.31","1.4.38","2.0.32","2.0.33","2.1.0-alpha","2.0.34","2.0.35","2.0.36","2.0.37","2.0.38","2.0.39","1.4.39","2.0.40","2.0.41","2.0.42","2.0.43","2.0.44","2.0.45","2.0.46","2.0.47","2.0.48","2.1.0-rc1","2.0.49","2.0.50","2.1.0","2.0.51","2.1.1","2.0.52"]
87 error notarget
87 error notarget This is most likely not a problem with npm itself.
87 error notarget In most cases you or one of your dependencies are requesting
87 error notarget a package version that doesn't exist.
88 error System Darwin 15.0.0
89 error command "node" "/usr/local/bin/npm" "install"
90 error cwd /Users/drlightx3/Desktop/personal/theeTable
91 error node -v v0.10.32
92 error npm -v 1.4.28
93 error code ETARGET
94 verbose exit [ 1, true ]
